<?xml version="1.0" encoding="utf-8" standalone="no"?>
<!--This file represents the results of running a test suite-->
<test-results name="C:\Users\Tan\Desktop\DotNetSelenium\AgilityHealth\bin\Debug\AgilityHealth.dll" total="1" errors="0" failures="0" not-run="0" inconclusive="0" ignored="0" skipped="0" invalid="0" date="2016-04-06" time="23:37:25">
  <environment nunit-version="2.6.4.14350" clr-version="2.0.50727.8009" os-version="Microsoft Windows NT 6.2.9200.0" platform="Win32NT" cwd="C:\Program Files (x86)\NUnit 2.6.4\bin" machine-name="TANLE" user="Tan" user-domain="TANLE" />
  <culture-info current-culture="en-US" current-uiculture="en-US" />
  <test-suite type="Assembly" name="C:\Users\Tan\Desktop\DotNetSelenium\AgilityHealth\bin\Debug\AgilityHealth.dll" executed="True" result="Success" success="True" time="62.824" asserts="0">
    <results>
      <test-suite type="Namespace" name="AgilityHealth" executed="True" result="Success" success="True" time="62.814" asserts="0">
        <results>
          <test-suite type="Namespace" name="Scenarios" executed="True" result="Success" success="True" time="62.814" asserts="0">
            <results>
              <test-suite type="TestFixture" name="SCR01_AddAnAssessment" executed="True" result="Success" success="True" time="62.813" asserts="0">
                <results>
                  <test-case name="AgilityHealth.Scenarios.SCR01_AddAnAssessment.AddAnAssessment" executed="True" result="Success" success="True" time="62.802" asserts="13" />
                </results>
              </test-suite>
            </results>
          </test-suite>
        </results>
      </test-suite>
    </results>
  </test-suite>
</test-results>